<?xml version="1.0" encoding="UTF-8"?>
<testsuite xmlns:xsi="http://www.w3.org/2001/XMLSchema-instance" xsi:noNamespaceSchemaLocation="https://maven.apache.org/surefire/maven-surefire-plugin/xsd/surefire-test-report-3.0.xsd" version="3.0" name="com.cognizant.springlearn.SpringLearnApplicationTests" time="1.275" tests="2" errors="0" skipped="0" failures="0">
  <properties>
[...]
</properties>
  <testcase name="testGetDepartments" classname="com.cognizant.springlearn.SpringLearnApplicationTests" time="0.34">
    <system-out><![CDATA[11:05:53.664 [main] INFO org.springframework.test.context.support.AnnotationConfigContextLoaderUtils -- Could not detect default configuration classes for test class [com.cognizant.springlearn.SpringLearnApplicationTests]: SpringLearnApplicationTests does not declare any static, non-private, non-final, nested classes annotated with @Configuration.
11:05:53.707 [main] INFO org.springframework.boot.test.context.SpringBootTestContextBootstrapper -- Found @SpringBootConfiguration com.cognizant.springlearn.SpringLearnApplication for test class com.cognizant.springlearn.SpringLearnApplicationTests

  .   ____          _            __ _ _
 /\\ / ___'_ __ _ _(_)_ __  __ _ \ \ \ \
( ( )\___ | '_ | '_| | '_ \/ _` | \ \ \ \
 \\/  ___)| |_)| | | | | || (_| |  ) ) ) )
  '  |____| .__|_| |_|_| |_\__, | / / / /
 =========|_|==============|___/=/_/_/_/
 :: Spring Boot ::                (v3.2.5)

260625|11:05:53.873|main                | INFO|ringLearnApplicationTests|              logStarting|Starting SpringLearnApplicationTests using Java 26.0.1 with PID 2454 (started by dhineshkumar in /Users/dhineshkumar/Documents/Spring-Rest-3/Handson-3)
260625|11:05:53.875|main                |DEBUG|ringLearnApplicationTests|              logStarting|Running with Spring Boot v3.2.5, Spring v6.1.6
260625|11:05:53.875|main                | INFO|ringLearnApplicationTests|    logStartupProfileInfo|No active profile set, falling back to 1 default profile: "default"
260625|11:05:54.462|main                | INFO|ingBootMockServletContext|                      log|Initializing Spring TestDispatcherServlet ''
260625|11:05:54.463|main                | INFO|w.s.TestDispatcherServlet|          initServletBean|Initializing Servlet ''
260625|11:05:54.463|main                | INFO|w.s.TestDispatcherServlet|          initServletBean|Completed initialization in 0 ms
260625|11:05:54.474|main                | INFO|ringLearnApplicationTests|               logStarted|Started SpringLearnApplicationTests in 0.712 seconds (process running for 1.109)
260625|11:05:54.786|main                | INFO|.s.c.DepartmentController|        getAllDepartments|START
260625|11:05:54.786|main                | INFO|c.c.s.s.DepartmentService|        getAllDepartments|START
260625|11:05:54.787|main                | INFO|c.c.s.s.DepartmentService|        getAllDepartments|END
260625|11:05:54.787|main                | INFO|.s.c.DepartmentController|        getAllDepartments|END
]]></system-out>
    <system-err><![CDATA[WARNING: A Java agent has been loaded dynamically (/Users/dhineshkumar/.m2/repository/net/bytebuddy/byte-buddy-agent/1.14.13/byte-buddy-agent-1.14.13.jar)
WARNING: If a serviceability tool is in use, please run with -XX:+EnableDynamicAgentLoading to hide this warning
WARNING: If a serviceability tool is not in use, please run with -Djdk.instrument.traceUsage for more information
WARNING: Dynamic loading of agents will be disallowed by default in a future release
]]></system-err>
  </testcase>
  <testcase name="testGetEmployees" classname="com.cognizant.springlearn.SpringLearnApplicationTests" time="0.008">
    <system-out><![CDATA[260625|11:05:54.826|main                | INFO|.c.s.c.EmployeeController|          getAllEmployees|START
260625|11:05:54.826|main                | INFO|c.c.s.s.EmployeeService  |          getAllEmployees|START
260625|11:05:54.827|main                | INFO|c.c.s.s.EmployeeService  |          getAllEmployees|END
260625|11:05:54.827|main                | INFO|.c.s.c.EmployeeController|          getAllEmployees|END
]]></system-out>
  </testcase>
</testsuite>